#
# There is insufficient memory for the Java Runtime Environment to continue.
# Native memory allocation (malloc) failed to allocate 1048576 bytes for AllocateHeap
# Possible reasons:
#   The system is out of physical RAM or swap space
#   In 32 bit mode, the process size limit was hit
# Possible solutions:
#   Reduce memory load on the system
#   Increase physical memory or swap space
#   Check if swap backing store is full
#   Use 64 bit Java on a 64 bit OS
#   Decrease Java heap size (-Xmx/-Xms)
#   Decrease number of Java threads
#   Decrease Java thread stack sizes (-Xss)
#   Set larger code cache with -XX:ReservedCodeCacheSize=
# This output file may be truncated or incomplete.
#
#  Out of Memory Error (memory/allocation.inline.hpp:61), pid=5180, tid=7868
#
# JRE version:  (7.0_71-b14) (build )
# Java VM: Java HotSpot(TM) 64-Bit Server VM (24.71-b01 mixed mode windows-amd64 compressed oops)
# Failed to write core dump. Minidumps are not enabled by default on client versions of Windows
#

---------------  T H R E A D  ---------------

Current thread (0x0000000001db0800):  JavaThread "Unknown thread" [_thread_in_vm, id=7868, stack(0x0000000001cb0000,0x0000000001db0000)]

Stack: [0x0000000001cb0000,0x0000000001db0000]
[error occurred during error reporting (printing stack bounds), id 0xc0000005]


---------------  P R O C E S S  ---------------

Java Threads: ( => current thread )

Other Threads:

=>0x0000000001db0800 (exited) JavaThread "Unknown thread" [_thread_in_vm, id=7868, stack(0x0000000001cb0000,0x0000000001db0000)]

VM state:not at safepoint (normal execution)

VM Mutex/Monitor currently owned by a thread: None

Heap
 PSYoungGen      total 14336K, used 245K [0x00000000f0680000, 0x00000000f1680000, 0x0000000100000000)
  eden space 12288K, 2% used [0x00000000f0680000,0x00000000f06bd760,0x00000000f1280000)
  from space 2048K, 0% used [0x00000000f1480000,0x00000000f1480000,0x00000000f1680000)
  to   space 2048K, 0% used [0x00000000f1280000,0x00000000f1280000,0x00000000f1480000)
 ParOldGen       total 31744K, used 0K [0x00000000d1400000, 0x00000000d3300000, 0x00000000f0680000)
  object space 31744K, 0% used [0x00000000d1400000,0x00000000d1400000,0x00000000d3300000)
 PSPermGen       total 21504K, used 677K [0x00000000cc200000, 0x00000000cd700000, 0x00000000d1400000)
  object space 21504K, 3% used [0x00000000cc200000,0x00000000cc2a9450,0x00000000cd700000)

Card table byte_map: [0x0000000004eb0000,0x0000000005050000] byte_map_base: 0x000000000484f000

Polling page: 0x0000000000400000

Code Cache  [0x0000000001eb0000, 0x0000000002120000, 0x0000000004eb0000)
 total_blobs=37 nmethods=0 adapters=20 free_code_cache=48890Kb largest_free_block=50063104

Compilation events (0 events):
No events

GC Heap History (0 events):
No events

Deoptimization events (0 events):
No events

Internal exceptions (0 events):
No events

Events (10 events):
Event: 0.103 loading class 0x0000000001df57c0
Event: 0.104 loading class 0x0000000001df57c0 done
Event: 0.104 loading class 0x0000000001df5810
Event: 0.104 loading class 0x0000000001df5810 done
Event: 0.104 loading class 0x0000000001df5860
Event: 0.104 loading class 0x0000000001df5860 done
Event: 0.105 loading class 0x0000000001df65c0
Event: 0.106 loading class 0x0000000001df65c0 done
Event: 0.106 loading class 0x0000000001df61e0
Event: 0.106 loading class 0x0000000001df61e0 done


Dynamic libraries:
0x00007ff718ef0000 - 0x00007ff718f23000 	C:\Program Files\Java\jre7\bin\javaw.exe
0x00007fff67b60000 - 0x00007fff67d06000 	C:\WINDOWS\SYSTEM32\ntdll.dll
0x00007fff673e0000 - 0x00007fff6751a000 	C:\WINDOWS\system32\KERNEL32.DLL
0x00007fff652d0000 - 0x00007fff653df000 	C:\WINDOWS\system32\KERNELBASE.dll
0x00007fff63830000 - 0x00007fff638b8000 	C:\WINDOWS\system32\apphelp.dll
0x00007fff625b0000 - 0x00007fff625ff000 	C:\WINDOWS\AppPatch\AppPatch64\AcGenral.DLL
0x00007fff67760000 - 0x00007fff67807000 	C:\WINDOWS\system32\msvcrt.dll
0x00007fff64d10000 - 0x00007fff64d3b000 	C:\WINDOWS\SYSTEM32\SspiCli.dll
0x00007fff66b40000 - 0x00007fff66b91000 	C:\WINDOWS\system32\SHLWAPI.dll
0x00007fff669c0000 - 0x00007fff66b31000 	C:\WINDOWS\system32\USER32.dll
0x00007fff67580000 - 0x00007fff676f8000 	C:\WINDOWS\system32\ole32.dll
0x00007fff653e0000 - 0x00007fff667ef000 	C:\WINDOWS\system32\SHELL32.dll
0x00007fff644c0000 - 0x00007fff644de000 	C:\WINDOWS\SYSTEM32\USERENV.dll
0x00007fff67810000 - 0x00007fff678b5000 	C:\WINDOWS\system32\ADVAPI32.dll
0x00007fff5dee0000 - 0x00007fff5defb000 	C:\WINDOWS\SYSTEM32\MPR.dll
0x00007fff67020000 - 0x00007fff67157000 	C:\WINDOWS\system32\RPCRT4.dll
0x00007fff67700000 - 0x00007fff67757000 	C:\WINDOWS\SYSTEM32\sechost.dll
0x00007fff678c0000 - 0x00007fff67a96000 	C:\WINDOWS\SYSTEM32\combase.dll
0x00007fff66ed0000 - 0x00007fff67014000 	C:\WINDOWS\system32\GDI32.dll
0x00007fff64ed0000 - 0x00007fff64ee4000 	C:\WINDOWS\SYSTEM32\profapi.dll
0x00007fff63340000 - 0x00007fff633df000 	C:\WINDOWS\SYSTEM32\SHCORE.dll
0x00007fff67160000 - 0x00007fff67194000 	C:\WINDOWS\system32\IMM32.DLL
0x00007fff66bb0000 - 0x00007fff66ce9000 	C:\WINDOWS\system32\MSCTF.dll
0x00007fff62f00000 - 0x00007fff6315a000 	C:\WINDOWS\WinSxS\amd64_microsoft.windows.common-controls_6595b64144ccf1df_6.0.9600.17031_none_6242a4b3ecbb55a1\COMCTL32.dll
0x00000000562b0000 - 0x0000000056382000 	C:\Program Files\Java\jre7\bin\msvcr100.dll
0x00000000553e0000 - 0x0000000055bb3000 	C:\Program Files\Java\jre7\bin\server\jvm.dll
0x00007fff63d10000 - 0x00007fff63d19000 	C:\WINDOWS\SYSTEM32\WSOCK32.dll
0x00007fff53060000 - 0x00007fff5307f000 	C:\WINDOWS\SYSTEM32\WINMM.dll
0x00007fff672a0000 - 0x00007fff672a7000 	C:\WINDOWS\system32\PSAPI.DLL
0x00007fff67520000 - 0x00007fff67578000 	C:\WINDOWS\system32\WS2_32.dll
0x00007fff53030000 - 0x00007fff5305a000 	C:\WINDOWS\SYSTEM32\WINMMBASE.dll
0x00007fff66ba0000 - 0x00007fff66ba9000 	C:\WINDOWS\system32\NSI.dll
0x00007fff650a0000 - 0x00007fff650ea000 	C:\WINDOWS\SYSTEM32\cfgmgr32.dll
0x00007fff63d40000 - 0x00007fff63d66000 	C:\WINDOWS\SYSTEM32\DEVOBJ.dll
0x0000000056450000 - 0x000000005645f000 	C:\Program Files\Java\jre7\bin\verify.dll
0x0000000056420000 - 0x0000000056448000 	C:\Program Files\Java\jre7\bin\java.dll
0x0000000056290000 - 0x00000000562a5000 	C:\Program Files\Java\jre7\bin\zip.dll

VM Arguments:
jvm_args: -Dfile.encoding=Cp1252 
java_command: ID3 train-400.txt test.txt
Launcher Type: SUN_STANDARD

Environment Variables:
PATH=C:\WINDOWS\system32;C:\WINDOWS;C:\WINDOWS\System32\Wbem;C:\WINDOWS\System32\WindowsPowerShell\v1.0\;C:\cygwin64\bin;C:\Program Files (x86)\Windows Kits\8.1\Windows Performance Toolkit\;C:\Program Files\Microsoft SQL Server\110\Tools\Binn\;C:\Program Files (x86)\Microsoft SDKs\TypeScript\1.0\;C:\Program Files\Microsoft SQL Server\120\Tools\Binn\;C:\Program Files\Microsoft SQL Server\120\DTS\Binn\;C:\Program Files\Microsoft SQL Server\Client SDK\ODBC\110\Tools\Binn\;C:\Program Files (x86)\Microsoft SQL Server\120\Tools\Binn\;C:\Program Files (x86)\Microsoft SQL Server\120\Tools\Binn\ManagementStudio\;C:\Program Files (x86)\Microsoft SQL Server\120\DTS\Binn\;C:\Program Files (x86)\File Viewer Lite\lib\magick
USERNAME=Aadit H. Sheth
OS=Windows_NT
PROCESSOR_IDENTIFIER=Intel64 Family 6 Model 37 Stepping 5, GenuineIntel



---------------  S Y S T E M  ---------------

OS: Windows 8.1 , 64 bit Build 9600 

CPU:total 4 (2 cores per cpu, 2 threads per core) family 6 model 37 stepping 5, cmov, cx8, fxsr, mmx, sse, sse2, sse3, ssse3, sse4.1, sse4.2, popcnt, ht, tsc, tscinvbit

Memory: 4k page, physical 3061856k(772496k free), swap 6207584k(5668k free)

vm_info: Java HotSpot(TM) 64-Bit Server VM (24.71-b01) for windows-amd64 JRE (1.7.0_71-b14), built on Sep 26 2014 16:16:12 by "java_re" with unknown MS VC++:1600

time: Mon Feb 02 10:41:25 2015
elapsed time: 0 seconds

